<?xml version="1.0" encoding="utf-8"?><testsuites name="pytest tests"><testsuite name="pytest" errors="0" failures="0" skipped="0" tests="26" time="2.778" timestamp="2026-01-18T11:21:47.641802+00:00" hostname="agent-env-2bf4259c-2c71-4fd1-9129-65ff8e8e39b6"><testcase classname="tests.test_careeriq_v3_comprehensive.TestHealthEndpoints" name="test_health_endpoint" time="0.080" /><testcase classname="tests.test_careeriq_v3_comprehensive.TestHealthEndpoints" name="test_root_endpoint" time="0.044" /><testcase classname="tests.test_careeriq_v3_comprehensive.TestUploadEndpoint" name="test_upload_resume_only" time="0.045" /><testcase classname="tests.test_careeriq_v3_comprehensive.TestUploadEndpoint" name="test_upload_resume_with_linkedin" time="0.044" /><testcase classname="tests.test_careeriq_v3_comprehensive.TestUploadEndpoint" name="test_upload_with_utm_params" time="0.049" /><testcase classname="tests.test_careeriq_v3_comprehensive.TestUploadEndpoint" name="test_upload_without_resume_fails" time="0.032" /><testcase classname="tests.test_careeriq_v3_comprehensive.TestUploadEndpoint" name="test_upload_without_target_role_fails" time="0.043" /><testcase classname="tests.test_careeriq_v3_comprehensive.TestCreateOrderEndpoint" name="test_create_order_tier_2999" time="0.375" /><testcase classname="tests.test_careeriq_v3_comprehensive.TestCreateOrderEndpoint" name="test_create_order_tier_4498" time="0.349" /><testcase classname="tests.test_careeriq_v3_comprehensive.TestCreateOrderEndpoint" name="test_create_order_invalid_tier" time="0.092" /><testcase classname="tests.test_careeriq_v3_comprehensive.TestCreateOrderEndpoint" name="test_create_order_invalid_session" time="0.034" /><testcase classname="tests.test_careeriq_v3_comprehensive.TestRazorpayKeyEndpoint" name="test_get_razorpay_key" time="0.052" /><testcase classname="tests.test_careeriq_v3_comprehensive.TestVerifyPaymentEndpoint" name="test_verify_payment_missing_fields" time="0.033" /><testcase classname="tests.test_careeriq_v3_comprehensive.TestVerifyPaymentEndpoint" name="test_verify_payment_requires_session_id" time="0.045" /><testcase classname="tests.test_careeriq_v3_comprehensive.TestAnalyzeEndpoint" name="test_analyze_without_payment" time="0.077" /><testcase classname="tests.test_careeriq_v3_comprehensive.TestAnalyzeEndpoint" name="test_analyze_invalid_session" time="0.035" /><testcase classname="tests.test_careeriq_v3_comprehensive.TestProgressEndpoint" name="test_progress_for_completed_session" time="0.037" /><testcase classname="tests.test_careeriq_v3_comprehensive.TestProgressEndpoint" name="test_progress_for_invalid_session" time="0.038" /><testcase classname="tests.test_careeriq_v3_comprehensive.TestReportEndpoint" name="test_report_for_completed_session" time="0.038" /><testcase classname="tests.test_careeriq_v3_comprehensive.TestReportEndpoint" name="test_report_not_found" time="0.080" /><testcase classname="tests.test_careeriq_v3_comprehensive.TestUpgradeEndpoint" name="test_upgrade_from_2999_to_4498" time="0.358" /><testcase classname="tests.test_careeriq_v3_comprehensive.TestUpgradeEndpoint" name="test_upgrade_invalid_session" time="0.035" /><testcase classname="tests.test_careeriq_v3_comprehensive.TestSendReportEndpoint" name="test_send_report_missing_email" time="0.078" /><testcase classname="tests.test_careeriq_v3_comprehensive.TestSendReportEndpoint" name="test_send_report_invalid_email" time="0.038" /><testcase classname="tests.test_careeriq_v3_comprehensive.TestSessionEndpoint" name="test_session_status" time="0.085" /><testcase classname="tests.test_careeriq_v3_comprehensive.TestFullE2EFlow" name="test_complete_flow_pre_payment" time="0.425" /></testsuite></testsuites>