<?xml version="1.0" encoding="utf-8"?><testsuites name="pytest tests"><testsuite name="pytest" errors="0" failures="0" skipped="0" tests="21" time="2.824" timestamp="2026-01-12T11:33:05.677046+00:00" hostname="agent-env-7bbfede4-d81c-409a-bc36-8ea39e6b2b60"><testcase classname="tests.test_careeriq_v3.TestHealthEndpoints" name="test_health_endpoint_returns_v3" time="0.098" /><testcase classname="tests.test_careeriq_v3.TestHealthEndpoints" name="test_root_endpoint_returns_v3" time="0.038" /><testcase classname="tests.test_careeriq_v3.TestLeadCaptureEndpoint" name="test_capture_lead_success" time="0.063" /><testcase classname="tests.test_careeriq_v3.TestLeadCaptureEndpoint" name="test_capture_lead_missing_name" time="0.048" /><testcase classname="tests.test_careeriq_v3.TestLeadCaptureEndpoint" name="test_capture_lead_invalid_email" time="0.042" /><testcase classname="tests.test_careeriq_v3.TestLeadCaptureEndpoint" name="test_capture_lead_short_name" time="0.042" /><testcase classname="tests.test_careeriq_v3.TestUploadEndpoint" name="test_upload_resume_only" time="0.102" /><testcase classname="tests.test_careeriq_v3.TestUploadEndpoint" name="test_upload_resume_with_linkedin" time="0.085" /><testcase classname="tests.test_careeriq_v3.TestUploadEndpoint" name="test_upload_without_lead_id" time="0.044" /><testcase classname="tests.test_careeriq_v3.TestUploadEndpoint" name="test_upload_invalid_lead_id" time="0.047" /><testcase classname="tests.test_careeriq_v3.TestCreateOrderEndpoint" name="test_create_order_tier_499" time="0.395" /><testcase classname="tests.test_careeriq_v3.TestCreateOrderEndpoint" name="test_create_order_tier_2999" time="0.427" /><testcase classname="tests.test_careeriq_v3.TestCreateOrderEndpoint" name="test_create_order_tier_4999" time="0.401" /><testcase classname="tests.test_careeriq_v3.TestCreateOrderEndpoint" name="test_create_order_invalid_tier" time="0.118" /><testcase classname="tests.test_careeriq_v3.TestCreateOrderEndpoint" name="test_create_order_invalid_lead_id" time="0.042" /><testcase classname="tests.test_careeriq_v3.TestRazorpayKeyEndpoint" name="test_get_razorpay_key" time="0.079" /><testcase classname="tests.test_careeriq_v3.TestReportEndpoint" name="test_report_not_found" time="0.037" /><testcase classname="tests.test_careeriq_v3.TestFullLeadToOrderFlow" name="test_complete_flow" time="0.384" /><testcase classname="tests.test_careeriq_v3.TestVerifyPaymentEndpoint" name="test_verify_payment_missing_fields" time="0.077" /><testcase classname="tests.test_careeriq_v3.TestAnalyzeEndpoint" name="test_analyze_without_payment" time="0.115" /><testcase classname="tests.test_careeriq_v3.TestAnalyzeEndpoint" name="test_analyze_invalid_session" time="0.037" /></testsuite></testsuites>