<?xml version="1.0" encoding="utf-8"?><testsuites name="pytest tests"><testsuite name="pytest" errors="0" failures="1" skipped="0" tests="22" time="2.965" timestamp="2026-01-18T11:20:23.159467+00:00" hostname="agent-env-2bf4259c-2c71-4fd1-9129-65ff8e8e39b6"><testcase classname="tests.test_careeriq_v31.TestHealthEndpointsV31" name="test_health_endpoint_returns_v31" time="0.057" /><testcase classname="tests.test_careeriq_v31.TestHealthEndpointsV31" name="test_root_endpoint_returns_v31" time="0.039" /><testcase classname="tests.test_careeriq_v31.TestSimplifiedUploadEndpointV31" name="test_upload_resume_with_target_role_and_mobile" time="0.044" /><testcase classname="tests.test_careeriq_v31.TestSimplifiedUploadEndpointV31" name="test_upload_resume_with_linkedin" time="0.044" /><testcase classname="tests.test_careeriq_v31.TestSimplifiedUploadEndpointV31" name="test_upload_without_resume_fails" time="0.045" /><testcase classname="tests.test_careeriq_v31.TestSimplifiedUploadEndpointV31" name="test_upload_without_target_role_fails" time="0.074" /><testcase classname="tests.test_careeriq_v31.TestSimplifiedUploadEndpointV31" name="test_upload_without_mobile_number_fails" time="0.035" /><testcase classname="tests.test_careeriq_v31.TestSimplifiedCreateOrderV31" name="test_create_order_tier_499" time="0.911" /><testcase classname="tests.test_careeriq_v31.TestSimplifiedCreateOrderV31" name="test_create_order_tier_2999" time="0.411" /><testcase classname="tests.test_careeriq_v31.TestSimplifiedCreateOrderV31" name="test_create_order_tier_4999" time="0.078"><failure message="assert 400 == 200&#10; +  where 400 = &lt;Response [400]&gt;.status_code">tests/test_careeriq_v31.py:249: in test_create_order_tier_4999
    assert response.status_code == 200
E   assert 400 == 200
E    +  where 400 = &lt;Response [400]&gt;.status_code</failure></testcase><testcase classname="tests.test_careeriq_v31.TestSimplifiedCreateOrderV31" name="test_create_order_invalid_tier" time="0.081" /><testcase classname="tests.test_careeriq_v31.TestSimplifiedCreateOrderV31" name="test_create_order_invalid_session_id" time="0.037" /><testcase classname="tests.test_careeriq_v31.TestVerifyPaymentEndpointV31" name="test_verify_payment_missing_fields" time="0.035" /><testcase classname="tests.test_careeriq_v31.TestVerifyPaymentEndpointV31" name="test_verify_payment_requires_session_id" time="0.074" /><testcase classname="tests.test_careeriq_v31.TestAnalyzeEndpointV31" name="test_analyze_without_payment" time="0.075" /><testcase classname="tests.test_careeriq_v31.TestAnalyzeEndpointV31" name="test_analyze_invalid_session" time="0.037" /><testcase classname="tests.test_careeriq_v31.TestReportEndpointV31" name="test_report_not_found" time="0.034" /><testcase classname="tests.test_careeriq_v31.TestReportEndpointV31" name="test_report_returns_session_status" time="0.036" /><testcase classname="tests.test_careeriq_v31.TestRazorpayKeyEndpoint" name="test_get_razorpay_key" time="0.045" /><testcase classname="tests.test_careeriq_v31.TestSessionEndpointV31" name="test_session_status" time="0.074" /><testcase classname="tests.test_careeriq_v31.TestFullSimplifiedFlowV31" name="test_complete_simplified_flow" time="0.399" /><testcase classname="tests.test_careeriq_v31.TestFullSimplifiedFlowV31" name="test_flow_with_linkedin" time="0.045" /></testsuite></testsuites>