<?xml version="1.0" encoding="utf-8"?><testsuites name="pytest tests"><testsuite name="pytest" errors="0" failures="0" skipped="0" tests="22" time="2.721" timestamp="2026-01-12T12:27:13.202007+00:00" hostname="agent-env-7bbfede4-d81c-409a-bc36-8ea39e6b2b60"><testcase classname="tests.test_careeriq_v31.TestHealthEndpointsV31" name="test_health_endpoint_returns_v31" time="0.078" /><testcase classname="tests.test_careeriq_v31.TestHealthEndpointsV31" name="test_root_endpoint_returns_v31" time="0.040" /><testcase classname="tests.test_careeriq_v31.TestSimplifiedUploadEndpointV31" name="test_upload_resume_with_target_role_and_mobile" time="0.048" /><testcase classname="tests.test_careeriq_v31.TestSimplifiedUploadEndpointV31" name="test_upload_resume_with_linkedin" time="0.047" /><testcase classname="tests.test_careeriq_v31.TestSimplifiedUploadEndpointV31" name="test_upload_without_resume_fails" time="0.046" /><testcase classname="tests.test_careeriq_v31.TestSimplifiedUploadEndpointV31" name="test_upload_without_target_role_fails" time="0.045" /><testcase classname="tests.test_careeriq_v31.TestSimplifiedUploadEndpointV31" name="test_upload_without_mobile_number_fails" time="0.081" /><testcase classname="tests.test_careeriq_v31.TestSimplifiedCreateOrderV31" name="test_create_order_tier_499" time="0.372" /><testcase classname="tests.test_careeriq_v31.TestSimplifiedCreateOrderV31" name="test_create_order_tier_2999" time="0.374" /><testcase classname="tests.test_careeriq_v31.TestSimplifiedCreateOrderV31" name="test_create_order_tier_4999" time="0.450" /><testcase classname="tests.test_careeriq_v31.TestSimplifiedCreateOrderV31" name="test_create_order_invalid_tier" time="0.074" /><testcase classname="tests.test_careeriq_v31.TestSimplifiedCreateOrderV31" name="test_create_order_invalid_session_id" time="0.037" /><testcase classname="tests.test_careeriq_v31.TestVerifyPaymentEndpointV31" name="test_verify_payment_missing_fields" time="0.039" /><testcase classname="tests.test_careeriq_v31.TestVerifyPaymentEndpointV31" name="test_verify_payment_requires_session_id" time="0.038" /><testcase classname="tests.test_careeriq_v31.TestAnalyzeEndpointV31" name="test_analyze_without_payment" time="0.083" /><testcase classname="tests.test_careeriq_v31.TestAnalyzeEndpointV31" name="test_analyze_invalid_session" time="0.035" /><testcase classname="tests.test_careeriq_v31.TestReportEndpointV31" name="test_report_not_found" time="0.036" /><testcase classname="tests.test_careeriq_v31.TestReportEndpointV31" name="test_report_returns_session_status" time="0.043" /><testcase classname="tests.test_careeriq_v31.TestRazorpayKeyEndpoint" name="test_get_razorpay_key" time="0.036" /><testcase classname="tests.test_careeriq_v31.TestSessionEndpointV31" name="test_session_status" time="0.077" /><testcase classname="tests.test_careeriq_v31.TestFullSimplifiedFlowV31" name="test_complete_simplified_flow" time="0.355" /><testcase classname="tests.test_careeriq_v31.TestFullSimplifiedFlowV31" name="test_flow_with_linkedin" time="0.040" /></testsuite></testsuites>