<?xml version="1.0" encoding="utf-8"?><testsuites name="pytest tests"><testsuite name="pytest" errors="0" failures="0" skipped="0" tests="23" time="1.861" timestamp="2026-01-13T10:12:26.151407+00:00" hostname="agent-env-de014315-aa9a-48da-af2d-621a04c4ea9f"><testcase classname="tests.test_progress_endpoint.TestProgressEndpointStructure" name="test_progress_endpoint_returns_correct_structure" time="0.120" /><testcase classname="tests.test_progress_endpoint.TestProgressEndpointStructure" name="test_progress_endpoint_returns_404_for_nonexistent_session" time="0.037" /><testcase classname="tests.test_progress_endpoint.TestProgressEndpointStructure" name="test_progress_endpoint_initial_state" time="0.092" /><testcase classname="tests.test_progress_endpoint.TestProgressEndpointDataTypes" name="test_progress_percent_is_integer" time="0.084" /><testcase classname="tests.test_progress_endpoint.TestProgressEndpointDataTypes" name="test_current_step_is_integer" time="0.082" /><testcase classname="tests.test_progress_endpoint.TestProgressEndpointDataTypes" name="test_assembly_state_is_valid_string" time="0.075" /><testcase classname="tests.test_progress_endpoint.TestProgressEndpointDataTypes" name="test_status_is_valid_string" time="0.082" /><testcase classname="tests.test_progress_endpoint.TestProgressEndpointWithExistingSessions" name="test_progress_for_uploaded_session" time="0.074" /><testcase classname="tests.test_progress_endpoint.TestProgressEndpointWithExistingSessions" name="test_progress_endpoint_multiple_calls" time="0.153" /><testcase classname="tests.test_progress_endpoint.TestProgressPercentCalculation" name="test_progress_percent_initial_is_zero" time="0.082" /><testcase classname="tests.test_progress_endpoint.TestProgressPercentCalculation" name="test_progress_percent_bounds" time="0.081" /><testcase classname="tests.test_progress_endpoint.TestProgressEndpointIntegration" name="test_progress_after_order_creation" time="0.450" /><testcase classname="tests.test_progress_endpoint.TestProgressEndpointIntegration" name="test_progress_and_report_endpoints_consistency" time="0.155" /><testcase classname="tests.test_dual_progress_system.TestHorizontalProgressCalculation" name="test_horizontal_progress_for_uploaded_session" time="0.115" /><testcase classname="tests.test_dual_progress_system.TestHorizontalProgressCalculation" name="test_progress_endpoint_returns_step_based_progress" time="0.078" /><testcase classname="tests.test_dual_progress_system.TestProgressEndpointCalculationLogic" name="test_progress_calculation_formula" time="0.000" /><testcase classname="tests.test_dual_progress_system.TestStepStateDerivation" name="test_step_state_logic" time="0.000" /><testcase classname="tests.test_dual_progress_system.TestCircularProgressComponent" name="test_circular_progress_component_structure" time="0.000" /><testcase classname="tests.test_dual_progress_system.TestStepLabels" name="test_step_labels_match_spec" time="0.000" /><testcase classname="tests.test_dual_progress_system.TestPollingBehavior" name="test_polling_interval" time="0.000" /><testcase classname="tests.test_dual_progress_system.TestFinalizationSequence" name="test_finalization_trigger_condition" time="0.000" /><testcase classname="tests.test_dual_progress_system.TestFinalizationSequence" name="test_finalization_sequence_steps" time="0.000" /><testcase classname="tests.test_dual_progress_system.TestDataTestIdAttributes" name="test_data_testid_attributes" time="0.000" /></testsuite></testsuites>