<?xml version="1.0" encoding="utf-8"?><testsuites name="pytest tests"><testsuite name="pytest" errors="0" failures="0" skipped="0" tests="35" time="4.002" timestamp="2026-01-13T09:31:23.098690+00:00" hostname="agent-env-de014315-aa9a-48da-af2d-621a04c4ea9f"><testcase classname="tests.test_progress_endpoint.TestProgressEndpointStructure" name="test_progress_endpoint_returns_correct_structure" time="0.096" /><testcase classname="tests.test_progress_endpoint.TestProgressEndpointStructure" name="test_progress_endpoint_returns_404_for_nonexistent_session" time="0.037" /><testcase classname="tests.test_progress_endpoint.TestProgressEndpointStructure" name="test_progress_endpoint_initial_state" time="0.118" /><testcase classname="tests.test_progress_endpoint.TestProgressEndpointDataTypes" name="test_progress_percent_is_integer" time="0.121" /><testcase classname="tests.test_progress_endpoint.TestProgressEndpointDataTypes" name="test_current_step_is_integer" time="0.075" /><testcase classname="tests.test_progress_endpoint.TestProgressEndpointDataTypes" name="test_assembly_state_is_valid_string" time="0.079" /><testcase classname="tests.test_progress_endpoint.TestProgressEndpointDataTypes" name="test_status_is_valid_string" time="0.079" /><testcase classname="tests.test_progress_endpoint.TestProgressEndpointWithExistingSessions" name="test_progress_for_uploaded_session" time="0.078" /><testcase classname="tests.test_progress_endpoint.TestProgressEndpointWithExistingSessions" name="test_progress_endpoint_multiple_calls" time="0.155" /><testcase classname="tests.test_progress_endpoint.TestProgressPercentCalculation" name="test_progress_percent_initial_is_zero" time="0.113" /><testcase classname="tests.test_progress_endpoint.TestProgressPercentCalculation" name="test_progress_percent_bounds" time="0.073" /><testcase classname="tests.test_progress_endpoint.TestProgressEndpointIntegration" name="test_progress_after_order_creation" time="0.456" /><testcase classname="tests.test_progress_endpoint.TestProgressEndpointIntegration" name="test_progress_and_report_endpoints_consistency" time="0.112" /><testcase classname="tests.test_careeriq_v31.TestHealthEndpointsV31" name="test_health_endpoint_returns_v31" time="0.038" /><testcase classname="tests.test_careeriq_v31.TestHealthEndpointsV31" name="test_root_endpoint_returns_v31" time="0.034" /><testcase classname="tests.test_careeriq_v31.TestSimplifiedUploadEndpointV31" name="test_upload_resume_with_target_role_and_mobile" time="0.040" /><testcase classname="tests.test_careeriq_v31.TestSimplifiedUploadEndpointV31" name="test_upload_resume_with_linkedin" time="0.040" /><testcase classname="tests.test_careeriq_v31.TestSimplifiedUploadEndpointV31" name="test_upload_without_resume_fails" time="0.035" /><testcase classname="tests.test_careeriq_v31.TestSimplifiedUploadEndpointV31" name="test_upload_without_target_role_fails" time="0.038" /><testcase classname="tests.test_careeriq_v31.TestSimplifiedUploadEndpointV31" name="test_upload_without_mobile_number_fails" time="0.044" /><testcase classname="tests.test_careeriq_v31.TestSimplifiedCreateOrderV31" name="test_create_order_tier_499" time="0.408" /><testcase classname="tests.test_careeriq_v31.TestSimplifiedCreateOrderV31" name="test_create_order_tier_2999" time="0.339" /><testcase classname="tests.test_careeriq_v31.TestSimplifiedCreateOrderV31" name="test_create_order_tier_4999" time="0.359" /><testcase classname="tests.test_careeriq_v31.TestSimplifiedCreateOrderV31" name="test_create_order_invalid_tier" time="0.075" /><testcase classname="tests.test_careeriq_v31.TestSimplifiedCreateOrderV31" name="test_create_order_invalid_session_id" time="0.040" /><testcase classname="tests.test_careeriq_v31.TestVerifyPaymentEndpointV31" name="test_verify_payment_missing_fields" time="0.036" /><testcase classname="tests.test_careeriq_v31.TestVerifyPaymentEndpointV31" name="test_verify_payment_requires_session_id" time="0.035" /><testcase classname="tests.test_careeriq_v31.TestAnalyzeEndpointV31" name="test_analyze_without_payment" time="0.076" /><testcase classname="tests.test_careeriq_v31.TestAnalyzeEndpointV31" name="test_analyze_invalid_session" time="0.039" /><testcase classname="tests.test_careeriq_v31.TestReportEndpointV31" name="test_report_not_found" time="0.044" /><testcase classname="tests.test_careeriq_v31.TestReportEndpointV31" name="test_report_returns_session_status" time="0.038" /><testcase classname="tests.test_careeriq_v31.TestRazorpayKeyEndpoint" name="test_get_razorpay_key" time="0.035" /><testcase classname="tests.test_careeriq_v31.TestSessionEndpointV31" name="test_session_status" time="0.117" /><testcase classname="tests.test_careeriq_v31.TestFullSimplifiedFlowV31" name="test_complete_simplified_flow" time="0.361" /><testcase classname="tests.test_careeriq_v31.TestFullSimplifiedFlowV31" name="test_flow_with_linkedin" time="0.046" /></testsuite></testsuites>