<?xml version="1.0" encoding="utf-8"?><testsuites name="pytest tests"><testsuite name="pytest" errors="0" failures="0" skipped="0" tests="13" time="3.479" timestamp="2026-01-13T10:06:55.986920+00:00" hostname="agent-env-de014315-aa9a-48da-af2d-621a04c4ea9f"><testcase classname="tests.test_progress_endpoint.TestProgressEndpointStructure" name="test_progress_endpoint_returns_correct_structure" time="0.109" /><testcase classname="tests.test_progress_endpoint.TestProgressEndpointStructure" name="test_progress_endpoint_returns_404_for_nonexistent_session" time="0.040" /><testcase classname="tests.test_progress_endpoint.TestProgressEndpointStructure" name="test_progress_endpoint_initial_state" time="0.082" /><testcase classname="tests.test_progress_endpoint.TestProgressEndpointDataTypes" name="test_progress_percent_is_integer" time="0.086" /><testcase classname="tests.test_progress_endpoint.TestProgressEndpointDataTypes" name="test_current_step_is_integer" time="0.163" /><testcase classname="tests.test_progress_endpoint.TestProgressEndpointDataTypes" name="test_assembly_state_is_valid_string" time="0.078" /><testcase classname="tests.test_progress_endpoint.TestProgressEndpointDataTypes" name="test_status_is_valid_string" time="0.077" /><testcase classname="tests.test_progress_endpoint.TestProgressEndpointWithExistingSessions" name="test_progress_for_uploaded_session" time="0.084" /><testcase classname="tests.test_progress_endpoint.TestProgressEndpointWithExistingSessions" name="test_progress_endpoint_multiple_calls" time="0.149" /><testcase classname="tests.test_progress_endpoint.TestProgressPercentCalculation" name="test_progress_percent_initial_is_zero" time="0.075" /><testcase classname="tests.test_progress_endpoint.TestProgressPercentCalculation" name="test_progress_percent_bounds" time="0.080" /><testcase classname="tests.test_progress_endpoint.TestProgressEndpointIntegration" name="test_progress_after_order_creation" time="1.934" /><testcase classname="tests.test_progress_endpoint.TestProgressEndpointIntegration" name="test_progress_and_report_endpoints_consistency" time="0.164" /></testsuite></testsuites>